<?xml version="1.0" encoding="UTF-8"?>
<!-- Generated by org.testng.reporters.JUnitReportReporter -->
<testsuite hostname="DESKTOP-PBFQCNC" failures="0" tests="1" name="validLoginLogoutTest" time="11.229" errors="0" timestamp="15 Sep 2018 16:35:59 GMT" skipped="0">
  <testcase classname="validLoginLogoutTest" name="testValidLoginLogout" time="11.229"/>
</testsuite> <!-- validLoginLogoutTest -->
