<?xml version="1.0" encoding="UTF-8"?>
<!-- Generated by org.testng.reporters.JUnitReportReporter -->
<testsuite hostname="DESKTOP-PBFQCNC" failures="0" tests="1" name="com.flipkart.tests.validLoginLogoutTest" time="10.347" errors="0" timestamp="15 Sep 2018 16:44:52 GMT" skipped="0">
  <testcase classname="com.flipkart.tests.validLoginLogoutTest" name="testValidLoginLogout" time="10.347"/>
</testsuite> <!-- com.flipkart.tests.validLoginLogoutTest -->
